#
# There is insufficient memory for the Java Runtime Environment to continue.
# Native memory allocation (mmap) failed to map 25165824 bytes for G1 virtual space
# Possible reasons:
#   The system is out of physical RAM or swap space
#   The process is running with CompressedOops enabled, and the Java Heap may be blocking the growth of the native heap
# Possible solutions:
#   Reduce memory load on the system
#   Increase physical memory or swap space
#   Check if swap backing store is full
#   Decrease Java heap size (-Xmx/-Xms)
#   Decrease number of Java threads
#   Decrease Java thread stack sizes (-Xss)
#   Set larger code cache with -XX:ReservedCodeCacheSize=
#   JVM is running with Zero Based Compressed Oops mode in which the Java heap is
#     placed in the first 32GB address space. The Java Heap base address is the
#     maximum limit for the native heap growth. Please use -XX:HeapBaseMinAddress
#     to set the Java Heap base and to place the Java Heap above 32GB virtual address.
# This output file may be truncated or incomplete.
#
#  Out of Memory Error (os_windows.cpp:3548), pid=21160, tid=8820
#
# JRE version: Java(TM) SE Runtime Environment (17.0.12+8) (build 17.0.12+8-LTS-286)
# Java VM: Java HotSpot(TM) 64-Bit Server VM (17.0.12+8-LTS-286, mixed mode, emulated-client, sharing, tiered, compressed oops, compressed class ptrs, g1 gc, windows-amd64)
# No core dump will be written. Minidumps are not enabled by default on client versions of Windows
#

---------------  S U M M A R Y ------------

Command Line: -XX:TieredStopAtLevel=1 -Dspring.output.ansi.enabled=always -Dcom.sun.management.jmxremote -Dspring.jmx.enabled=true -Dspring.liveBeansView.mbeanDomain -Dspring.application.admin.enabled=true -Dmanagement.endpoints.jmx.exposure.include=* -javaagent:C:\Program Files\JetBrains\IntelliJ IDEA 2024.2.4\lib\idea_rt.jar=51332:C:\Program Files\JetBrains\IntelliJ IDEA 2024.2.4\bin -Dfile.encoding=UTF-8 com.microservice.accounts.AccountsApplication

Host: Intel(R) Core(TM) i5-10300H CPU @ 2.50GHz, 8 cores, 15G,  Windows 11 , 64 bit Build 26100 (10.0.26100.3912)
Time: Tue May 27 19:14:18 2025 India Standard Time elapsed time: 882.464858 seconds (0d 0h 14m 42s)

---------------  T H R E A D  ---------------

Current thread (0x000001f297ada230):  VMThread "VM Thread" [stack: 0x000000bb57a00000,0x000000bb57b00000] [id=8820]

Stack: [0x000000bb57a00000,0x000000bb57b00000]
Native frames: (J=compiled Java code, j=interpreted, Vv=VM code, C=native code)
V  [jvm.dll+0x67a04a]
V  [jvm.dll+0x7da4ed]
V  [jvm.dll+0x7dbe33]
V  [jvm.dll+0x7dc4a3]
V  [jvm.dll+0x24508f]
V  [jvm.dll+0x677089]
V  [jvm.dll+0x66bd32]
V  [jvm.dll+0x301fa6]
V  [jvm.dll+0x309546]
V  [jvm.dll+0x359d2e]
V  [jvm.dll+0x359f5f]
V  [jvm.dll+0x2d9078]
V  [jvm.dll+0x2d74ad]
V  [jvm.dll+0x2d6afc]
V  [jvm.dll+0x31a65b]
V  [jvm.dll+0x7e0d9b]
V  [jvm.dll+0x7e1ad4]
V  [jvm.dll+0x7e1fed]
V  [jvm.dll+0x7e23c4]
V  [jvm.dll+0x7e2490]
V  [jvm.dll+0x78abea]
V  [jvm.dll+0x678f35]
C  [ucrtbase.dll+0x37b0]
C  [KERNEL32.DLL+0x2e8d7]
C  [ntdll.dll+0x9c5dc]

VM_Operation (0x000000bb597fdd20): G1CollectForAllocation, mode: safepoint, requested by thread 0x000001f2ddac6740


---------------  P R O C E S S  ---------------

Threads class SMR info:
_java_thread_list=0x000001f2e062b780, length=34, elements={
0x000001f297adfd10, 0x000001f297ae28e0, 0x000001f2dd0030c0, 0x000001f2dd0059a0,
0x000001f2dd006270, 0x000001f2dd006b40, 0x000001f2dd0075b0, 0x000001f2dd0248e0,
0x000001f297acad40, 0x000001f2dd3f4960, 0x000001f2dd3f4e40, 0x000001f2dd635170,
0x000001f2dd87b9c0, 0x000001f2dd894960, 0x000001f2ddac6740, 0x000001f2e00c4080,
0x000001f2e00c8760, 0x000001f2e00c4aa0, 0x000001f2e00c6e10, 0x000001f2e00c59d0,
0x000001f2e00c54c0, 0x000001f2e00c63f0, 0x000001f2e00c7830, 0x000001f2e00c5ee0,
0x000001f2e00c6900, 0x000001f2e00c4590, 0x000001f2e00c8250, 0x000001f2e00c4fb0,
0x000001f2e00c9180, 0x000001f2e00caad0, 0x000001f2e00c9690, 0x000001f2e00c9ba0,
0x000001f2e00ca0b0, 0x000001f2e00ca5c0
}

Java Threads: ( => current thread )
  0x000001f297adfd10 JavaThread "Reference Handler" daemon [_thread_blocked, id=24200, stack(0x000000bb57b00000,0x000000bb57c00000)]
  0x000001f297ae28e0 JavaThread "Finalizer" daemon [_thread_blocked, id=23720, stack(0x000000bb57c00000,0x000000bb57d00000)]
  0x000001f2dd0030c0 JavaThread "Signal Dispatcher" daemon [_thread_blocked, id=25356, stack(0x000000bb57d00000,0x000000bb57e00000)]
  0x000001f2dd0059a0 JavaThread "Attach Listener" daemon [_thread_blocked, id=22200, stack(0x000000bb57e00000,0x000000bb57f00000)]
  0x000001f2dd006270 JavaThread "Service Thread" daemon [_thread_blocked, id=7404, stack(0x000000bb57f00000,0x000000bb58000000)]
  0x000001f2dd006b40 JavaThread "Monitor Deflation Thread" daemon [_thread_blocked, id=12916, stack(0x000000bb58000000,0x000000bb58100000)]
  0x000001f2dd0075b0 JavaThread "C1 CompilerThread0" daemon [_thread_blocked, id=21540, stack(0x000000bb58100000,0x000000bb58200000)]
  0x000001f2dd0248e0 JavaThread "Sweeper thread" daemon [_thread_blocked, id=21304, stack(0x000000bb58200000,0x000000bb58300000)]
  0x000001f297acad40 JavaThread "Common-Cleaner" daemon [_thread_blocked, id=15716, stack(0x000000bb58300000,0x000000bb58400000)]
  0x000001f2dd3f4960 JavaThread "Monitor Ctrl-Break" daemon [_thread_in_native, id=6576, stack(0x000000bb58600000,0x000000bb58700000)]
  0x000001f2dd3f4e40 JavaThread "Notification Thread" daemon [_thread_blocked, id=2804, stack(0x000000bb58700000,0x000000bb58800000)]
  0x000001f2dd635170 JavaThread "RMI TCP Accept-0" daemon [_thread_in_native, id=19020, stack(0x000000bb58800000,0x000000bb58900000)]
  0x000001f2dd87b9c0 JavaThread "RMI Scheduler(0)" daemon [_thread_blocked, id=1908, stack(0x000000bb58b00000,0x000000bb58c00000)]
  0x000001f2dd894960 JavaThread "JMX server connection timeout 20" daemon [_thread_blocked, id=3164, stack(0x000000bb58c00000,0x000000bb58d00000)]
  0x000001f2ddac6740 JavaThread "RMI TCP Connection(2)-192.168.1.33" daemon [_thread_blocked, id=24556, stack(0x000000bb59700000,0x000000bb59800000)]
  0x000001f2e00c4080 JavaThread "Live Reload Server" daemon [_thread_in_native, id=25352, stack(0x000000bb5a100000,0x000000bb5a200000)]
  0x000001f2e00c8760 JavaThread "DestroyJavaVM" [_thread_blocked, id=6336, stack(0x000000bb57400000,0x000000bb57500000)]
  0x000001f2e00c4aa0 JavaThread "Catalina-utility-1" [_thread_blocked, id=18908, stack(0x000000bb57200000,0x000000bb57300000)]
  0x000001f2e00c6e10 JavaThread "Catalina-utility-2" [_thread_blocked, id=18492, stack(0x000000bb59500000,0x000000bb59600000)]
  0x000001f2e00c59d0 JavaThread "container-0" [_thread_blocked, id=17972, stack(0x000000bb59600000,0x000000bb59700000)]
  0x000001f2e00c54c0 JavaThread "HikariPool-3 housekeeper" daemon [_thread_blocked, id=23664, stack(0x000000bb59800000,0x000000bb59900000)]
  0x000001f2e00c63f0 JavaThread "File Watcher" daemon [_thread_blocked, id=24560, stack(0x000000bb59b00000,0x000000bb59c00000)]
  0x000001f2e00c7830 JavaThread "http-nio-8080-exec-1" daemon [_thread_blocked, id=13220, stack(0x000000bb59c00000,0x000000bb59d00000)]
  0x000001f2e00c5ee0 JavaThread "http-nio-8080-exec-2" daemon [_thread_blocked, id=22568, stack(0x000000bb59d00000,0x000000bb59e00000)]
  0x000001f2e00c6900 JavaThread "http-nio-8080-exec-3" daemon [_thread_blocked, id=24696, stack(0x000000bb59e00000,0x000000bb59f00000)]
  0x000001f2e00c4590 JavaThread "http-nio-8080-exec-4" daemon [_thread_blocked, id=1716, stack(0x000000bb59f00000,0x000000bb5a000000)]
  0x000001f2e00c8250 JavaThread "http-nio-8080-exec-5" daemon [_thread_blocked, id=12672, stack(0x000000bb5a000000,0x000000bb5a100000)]
  0x000001f2e00c4fb0 JavaThread "http-nio-8080-exec-6" daemon [_thread_blocked, id=21656, stack(0x000000bb5a200000,0x000000bb5a300000)]
  0x000001f2e00c9180 JavaThread "http-nio-8080-exec-7" daemon [_thread_blocked, id=14156, stack(0x000000bb5a300000,0x000000bb5a400000)]
  0x000001f2e00caad0 JavaThread "http-nio-8080-exec-8" daemon [_thread_blocked, id=12340, stack(0x000000bb5a400000,0x000000bb5a500000)]
  0x000001f2e00c9690 JavaThread "http-nio-8080-exec-9" daemon [_thread_blocked, id=24716, stack(0x000000bb5a500000,0x000000bb5a600000)]
  0x000001f2e00c9ba0 JavaThread "http-nio-8080-exec-10" daemon [_thread_blocked, id=11920, stack(0x000000bb5a600000,0x000000bb5a700000)]
  0x000001f2e00ca0b0 JavaThread "http-nio-8080-Poller" daemon [_thread_blocked, id=13520, stack(0x000000bb5a700000,0x000000bb5a800000)]
  0x000001f2e00ca5c0 JavaThread "http-nio-8080-Acceptor" daemon [_thread_in_native, id=12908, stack(0x000000bb5a800000,0x000000bb5a900000)]

Other Threads:
=>0x000001f297ada230 VMThread "VM Thread" [stack: 0x000000bb57a00000,0x000000bb57b00000] [id=8820]
  0x000001f2ffb6ab60 WatcherThread [stack: 0x000000bb58a00000,0x000000bb58b00000] [id=19048]
  0x000001f2ffb3b840 GCTaskThread "GC Thread#0" [stack: 0x000000bb57500000,0x000000bb57600000] [id=3348]
  0x000001f2dda16130 GCTaskThread "GC Thread#1" [stack: 0x000000bb58d00000,0x000000bb58e00000] [id=12412]
  0x000001f2dda7a330 GCTaskThread "GC Thread#2" [stack: 0x000000bb58e00000,0x000000bb58f00000] [id=20372]
  0x000001f2dda7ae00 GCTaskThread "GC Thread#3" [stack: 0x000000bb58f00000,0x000000bb59000000] [id=8840]
  0x000001f2dda7b0c0 GCTaskThread "GC Thread#4" [stack: 0x000000bb59000000,0x000000bb59100000] [id=15220]
  0x000001f2dda7b380 GCTaskThread "GC Thread#5" [stack: 0x000000bb59100000,0x000000bb59200000] [id=23416]
  0x000001f2dda977d0 GCTaskThread "GC Thread#6" [stack: 0x000000bb59200000,0x000000bb59300000] [id=20912]
  0x000001f2dda87ae0 GCTaskThread "GC Thread#7" [stack: 0x000000bb59300000,0x000000bb59400000] [id=17600]
  0x000001f2ffb4d1e0 ConcurrentGCThread "G1 Main Marker" [stack: 0x000000bb57600000,0x000000bb57700000] [id=6320]
  0x000001f2ffb4fab0 ConcurrentGCThread "G1 Conc#0" [stack: 0x000000bb57700000,0x000000bb57800000] [id=17888]
  0x000001f2de422220 ConcurrentGCThread "G1 Conc#1" [stack: 0x000000bb59a00000,0x000000bb59b00000] [id=19172]
  0x000001f2ffb8e940 ConcurrentGCThread "G1 Refine#0" [stack: 0x000000bb57800000,0x000000bb57900000] [id=368]
  0x000001f2dda80e60 ConcurrentGCThread "G1 Refine#1" [stack: 0x000000bb59400000,0x000000bb59500000] [id=25008]
  0x000001f297995590 ConcurrentGCThread "G1 Service" [stack: 0x000000bb57900000,0x000000bb57a00000] [id=1808]

Threads with active compile tasks:

VM state: at safepoint (normal execution)

VM Mutex/Monitor currently owned by a thread:  ([mutex/lock_event])
[0x000001f2ffaca880] Threads_lock - owner thread: 0x000001f297ada230
[0x000001f2ffaca9a0] Heap_lock - owner thread: 0x000001f2ddac6740

Heap address: 0x0000000702800000, size: 4056 MB, Compressed Oops mode: Zero based, Oop shift amount: 3

CDS archive(s) mapped at: [0x000001f298000000-0x000001f298bd0000-0x000001f298bd0000), size 12386304, SharedBaseAddress: 0x000001f298000000, ArchiveRelocationMode: 1.
Compressed class space mapped at: 0x000001f299000000-0x000001f2d9000000, reserved size: 1073741824
Narrow klass base: 0x000001f298000000, Narrow klass shift: 0, Narrow klass range: 0x100000000

GC Precious Log:
 CPUs: 8 total, 8 available
 Memory: 16221M
 Large Page Support: Disabled
 NUMA Support: Disabled
 Compressed Oops: Enabled (Zero based)
 Heap Region Size: 2M
 Heap Min Capacity: 8M
 Heap Initial Capacity: 254M
 Heap Max Capacity: 4056M
 Pre-touch: Disabled
 Parallel Workers: 8
 Concurrent Workers: 2
 Concurrent Refinement Workers: 8
 Periodic GC: Disabled

Heap:
 garbage-first heap   total 122880K, used 40253K [0x0000000702800000, 0x0000000800000000)
  region size 2048K, 2 young (4096K), 2 survivors (4096K)
 Metaspace       used 79473K, committed 80384K, reserved 1179648K
  class space    used 11514K, committed 11968K, reserved 1048576K

Heap Regions: E=young(eden), S=young(survivor), O=old, HS=humongous(starts), HC=humongous(continues), CS=collection set, F=free, OA=open archive, CA=closed archive, TAMS=top-at-mark-start (previous, next)
|   0|0x0000000702800000, 0x0000000702a00000, 0x0000000702a00000|100%| O|  |TAMS 0x0000000702a00000, 0x0000000702800000| Untracked 
|   1|0x0000000702a00000, 0x0000000702bffff8, 0x0000000702c00000| 99%| O|  |TAMS 0x0000000702a00000, 0x0000000702a00000| Untracked 
|   2|0x0000000702c00000, 0x0000000702e00000, 0x0000000702e00000|100%| O|  |TAMS 0x0000000702e00000, 0x0000000702c00000| Untracked 
|   3|0x0000000702e00000, 0x0000000703000000, 0x0000000703000000|100%| O|  |TAMS 0x0000000703000000, 0x0000000702e00000| Untracked 
|   4|0x0000000703000000, 0x00000007031ffff0, 0x0000000703200000| 99%| O|  |TAMS 0x0000000703000000, 0x0000000703000000| Untracked 
|   5|0x0000000703200000, 0x0000000703400000, 0x0000000703400000|100%| O|  |TAMS 0x0000000703200000, 0x0000000703200000| Untracked 
|   6|0x0000000703400000, 0x0000000703600000, 0x0000000703600000|100%| O|  |TAMS 0x0000000703400000, 0x0000000703400000| Untracked 
|   7|0x0000000703600000, 0x00000007037ffff0, 0x0000000703800000| 99%| O|  |TAMS 0x0000000703600000, 0x0000000703600000| Untracked 
|   8|0x0000000703800000, 0x00000007039fffe0, 0x0000000703a00000| 99%| O|  |TAMS 0x0000000703800000, 0x0000000703800000| Untracked 
|   9|0x0000000703a00000, 0x0000000703bfffd0, 0x0000000703c00000| 99%| O|  |TAMS 0x0000000703a00000, 0x0000000703a00000| Untracked 
|  10|0x0000000703c00000, 0x0000000703dfffe8, 0x0000000703e00000| 99%| O|  |TAMS 0x0000000703c00000, 0x0000000703c00000| Untracked 
|  11|0x0000000703e00000, 0x0000000703fffff8, 0x0000000704000000| 99%| O|  |TAMS 0x0000000703e00000, 0x0000000703e00000| Untracked 
|  12|0x0000000704000000, 0x000000070415c158, 0x0000000704200000| 67%| O|  |TAMS 0x0000000704000000, 0x0000000704000000| Untracked 
|  13|0x0000000704200000, 0x0000000704359990, 0x0000000704400000| 67%| O|  |TAMS 0x0000000704200000, 0x0000000704200000| Untracked 
|  14|0x0000000704400000, 0x00000007045fffd8, 0x0000000704600000| 99%| O|  |TAMS 0x0000000704400000, 0x0000000704400000| Untracked 
|  15|0x0000000704600000, 0x0000000704610ef0, 0x0000000704800000|  3%| O|  |TAMS 0x0000000704600000, 0x0000000704600000| Untracked 
|  16|0x0000000704800000, 0x0000000704878d38, 0x0000000704a00000| 23%| O|  |TAMS 0x0000000704800000, 0x0000000704800000| Untracked 
|  17|0x0000000704a00000, 0x0000000704c00000, 0x0000000704c00000|100%| O|  |TAMS 0x0000000704a00000, 0x0000000704a00000| Untracked 
|  18|0x0000000704c00000, 0x0000000704e00000, 0x0000000704e00000|100%| O|  |TAMS 0x0000000704c00000, 0x0000000704c00000| Untracked 
|  19|0x0000000704e00000, 0x0000000705000000, 0x0000000705000000|100%| O|  |TAMS 0x0000000704e00000, 0x0000000704e00000| Untracked 
|  20|0x0000000705000000, 0x00000007050b3a00, 0x0000000705200000| 35%| O|  |TAMS 0x0000000705000000, 0x0000000705000000| Untracked 
|  21|0x0000000705200000, 0x0000000705200000, 0x0000000705400000|  0%| F|  |TAMS 0x0000000705200000, 0x0000000705200000| Untracked 
|  22|0x0000000705400000, 0x0000000705400000, 0x0000000705600000|  0%| F|  |TAMS 0x0000000705400000, 0x0000000705400000| Untracked 
|  23|0x0000000705600000, 0x0000000705600000, 0x0000000705800000|  0%| F|  |TAMS 0x0000000705600000, 0x0000000705600000| Untracked 
|  24|0x0000000705800000, 0x0000000705800000, 0x0000000705a00000|  0%| F|  |TAMS 0x0000000705800000, 0x0000000705800000| Untracked 
|  25|0x0000000705a00000, 0x0000000705aa3e78, 0x0000000705c00000| 32%| O|  |TAMS 0x0000000705a00000, 0x0000000705a00000| Untracked 
|  26|0x0000000705c00000, 0x0000000705c00000, 0x0000000705e00000|  0%| F|  |TAMS 0x0000000705c00000, 0x0000000705c00000| Untracked 
|  27|0x0000000705e00000, 0x0000000705e00000, 0x0000000706000000|  0%| F|  |TAMS 0x0000000705e00000, 0x0000000705e00000| Untracked 
|  28|0x0000000706000000, 0x0000000706000000, 0x0000000706200000|  0%| F|  |TAMS 0x0000000706000000, 0x0000000706000000| Untracked 
|  29|0x0000000706200000, 0x0000000706200000, 0x0000000706400000|  0%| F|  |TAMS 0x0000000706200000, 0x0000000706200000| Untracked 
|  30|0x0000000706400000, 0x0000000706400000, 0x0000000706600000|  0%| F|  |TAMS 0x0000000706400000, 0x0000000706400000| Untracked 
|  31|0x0000000706600000, 0x00000007066b8840, 0x0000000706800000| 36%| S|CS|TAMS 0x0000000706600000, 0x0000000706600000| Complete 
|  32|0x0000000706800000, 0x0000000706800000, 0x0000000706a00000|  0%| F|  |TAMS 0x0000000706800000, 0x0000000706800000| Untracked 
|  33|0x0000000706a00000, 0x0000000706a00000, 0x0000000706c00000|  0%| F|  |TAMS 0x0000000706a00000, 0x0000000706a00000| Untracked 
|  34|0x0000000706c00000, 0x0000000706e00000, 0x0000000706e00000|100%| S|CS|TAMS 0x0000000706c00000, 0x0000000706c00000| Complete 
|  35|0x0000000706e00000, 0x0000000706e00000, 0x0000000707000000|  0%| F|  |TAMS 0x0000000706e00000, 0x0000000706e00000| Untracked 
|  36|0x0000000707000000, 0x0000000707000000, 0x0000000707200000|  0%| F|  |TAMS 0x0000000707000000, 0x0000000707000000| Untracked 
|  37|0x0000000707200000, 0x0000000707200000, 0x0000000707400000|  0%| F|  |TAMS 0x0000000707200000, 0x0000000707200000| Untracked 
|  38|0x0000000707400000, 0x0000000707400000, 0x0000000707600000|  0%| F|  |TAMS 0x0000000707400000, 0x0000000707400000| Untracked 
|  39|0x0000000707600000, 0x0000000707600000, 0x0000000707800000|  0%| F|  |TAMS 0x0000000707600000, 0x0000000707600000| Untracked 
|  40|0x0000000707800000, 0x0000000707800000, 0x0000000707a00000|  0%| F|  |TAMS 0x0000000707800000, 0x0000000707800000| Untracked 
|  41|0x0000000707a00000, 0x0000000707a00000, 0x0000000707c00000|  0%| F|  |TAMS 0x0000000707a00000, 0x0000000707a00000| Untracked 
|  42|0x0000000707c00000, 0x0000000707c00000, 0x0000000707e00000|  0%| F|  |TAMS 0x0000000707c00000, 0x0000000707c00000| Untracked 
|  43|0x0000000707e00000, 0x0000000707e00000, 0x0000000708000000|  0%| F|  |TAMS 0x0000000707e00000, 0x0000000707e00000| Untracked 
|  44|0x0000000708000000, 0x0000000708000000, 0x0000000708200000|  0%| F|  |TAMS 0x0000000708000000, 0x0000000708000000| Untracked 
|  45|0x0000000708200000, 0x0000000708200000, 0x0000000708400000|  0%| F|  |TAMS 0x0000000708200000, 0x0000000708200000| Untracked 
|  46|0x0000000708400000, 0x0000000708400000, 0x0000000708600000|  0%| F|  |TAMS 0x0000000708400000, 0x0000000708400000| Untracked 
|  47|0x0000000708600000, 0x0000000708600000, 0x0000000708800000|  0%| F|  |TAMS 0x0000000708600000, 0x0000000708600000| Untracked 
|  48|0x0000000708800000, 0x0000000708800000, 0x0000000708a00000|  0%| F|  |TAMS 0x0000000708800000, 0x0000000708800000| Untracked 
|  49|0x0000000708a00000, 0x0000000708a00000, 0x0000000708c00000|  0%| F|  |TAMS 0x0000000708a00000, 0x0000000708a00000| Untracked 
|  50|0x0000000708c00000, 0x0000000708c00000, 0x0000000708e00000|  0%| F|  |TAMS 0x0000000708c00000, 0x0000000708c00000| Untracked 
|  51|0x0000000708e00000, 0x0000000708e00000, 0x0000000709000000|  0%| F|  |TAMS 0x0000000708e00000, 0x0000000708e00000| Untracked 
|  52|0x0000000709000000, 0x0000000709000000, 0x0000000709200000|  0%| F|  |TAMS 0x0000000709000000, 0x0000000709000000| Untracked 
|  53|0x0000000709200000, 0x0000000709200000, 0x0000000709400000|  0%| F|  |TAMS 0x0000000709200000, 0x0000000709200000| Untracked 
|  54|0x0000000709400000, 0x0000000709400000, 0x0000000709600000|  0%| F|  |TAMS 0x0000000709400000, 0x0000000709400000| Untracked 
|  55|0x0000000709600000, 0x0000000709600000, 0x0000000709800000|  0%| F|  |TAMS 0x0000000709600000, 0x0000000709600000| Untracked 
|  56|0x0000000709800000, 0x0000000709800000, 0x0000000709a00000|  0%| F|  |TAMS 0x0000000709800000, 0x0000000709800000| Untracked 
|  57|0x0000000709a00000, 0x0000000709a00000, 0x0000000709c00000|  0%| F|  |TAMS 0x0000000709a00000, 0x0000000709a00000| Untracked 
|  58|0x0000000709c00000, 0x0000000709c00000, 0x0000000709e00000|  0%| F|  |TAMS 0x0000000709c00000, 0x0000000709c00000| Untracked 
|  59|0x0000000709e00000, 0x0000000709e00000, 0x000000070a000000|  0%| F|  |TAMS 0x0000000709e00000, 0x0000000709e00000| Untracked 

Card table byte_map: [0x000001f28c3f0000,0x000001f28cbe0000] _byte_map_base: 0x000001f288bdc000

Marking Bits (Prev, Next): (CMBitMap*) 0x000001f2ffb3be60, (CMBitMap*) 0x000001f2ffb3bea0
 Prev Bits: [0x000001f28d3d0000, 0x000001f291330000)
 Next Bits: [0x000001f291330000, 0x000001f295290000)

Polling page: 0x000001f2ff290000

Metaspace:

Usage:
  Non-class:     66.37 MB used.
      Class:     11.24 MB used.
       Both:     77.61 MB used.

Virtual space:
  Non-class space:      128.00 MB reserved,      66.81 MB ( 52%) committed,  2 nodes.
      Class space:        1.00 GB reserved,      11.69 MB (  1%) committed,  1 nodes.
             Both:        1.12 GB reserved,      78.50 MB (  7%) committed. 

Chunk freelists:
   Non-Class:  13.33 MB
       Class:  4.35 MB
        Both:  17.68 MB

MaxMetaspaceSize: unlimited
CompressedClassSpaceSize: 1.00 GB
Initial GC threshold: 21.00 MB
Current GC threshold: 130.88 MB
CDS: on
MetaspaceReclaimPolicy: balanced
 - commit_granule_bytes: 65536.
 - commit_granule_words: 8192.
 - virtual_space_node_default_size: 8388608.
 - enlarge_chunks_in_place: 1.
 - new_chunks_are_fully_committed: 0.
 - uncommit_free_chunks: 1.
 - use_allocation_guard: 0.
 - handle_deallocations: 1.


Internal statistics:

num_allocs_failed_limit: 12.
num_arena_births: 1210.
num_arena_deaths: 404.
num_vsnodes_births: 3.
num_vsnodes_deaths: 0.
num_space_committed: 1256.
num_space_uncommitted: 0.
num_chunks_returned_to_freelist: 468.
num_chunks_taken_from_freelist: 4362.
num_chunk_merges: 178.
num_chunk_splits: 3014.
num_chunks_enlarged: 2264.
num_inconsistent_stats: 0.

CodeCache: size=49152Kb used=17109Kb max_used=18228Kb free=32042Kb
 bounds [0x000001f288c00000, 0x000001f289e20000, 0x000001f28bc00000]
 total_blobs=10537 nmethods=9822 adapters=641
 compilation: enabled
              stopped_count=0, restarted_count=0
 full_count=0

Compilation events (20 events):
Event: 788.926 Thread 0x000001f2dddba620 9813       1       org.apache.tomcat.util.net.SocketWrapperBase::getWriteTimeout (5 bytes)
Event: 788.927 Thread 0x000001f2dddba620 nmethod 9813 0x000001f289b2f010 code [0x000001f289b2f1a0, 0x000001f289b2f278]
Event: 788.927 Thread 0x000001f2dd0075b0 nmethod 9814 0x000001f289b2ed10 code [0x000001f289b2eea0, 0x000001f289b2ef78]
Event: 788.927 Thread 0x000001f2dddbab70 nmethod 9812 0x000001f289b2e610 code [0x000001f289b2e800, 0x000001f289b2ea78]
Event: 795.731 Thread 0x000001f2dddba620 9815       1       io.micrometer.common.KeyValues::and (48 bytes)
Event: 795.731 Thread 0x000001f2dddba620 nmethod 9815 0x000001f289b2e110 code [0x000001f289b2e2e0, 0x000001f289b2e4e8]
Event: 795.731 Thread 0x000001f2dddba620 9816       1       org.h2.command.ParserBase::upperName (16 bytes)
Event: 795.731 Thread 0x000001f2dd0075b0 9817       1       org.h2.engine.Database::getExclusiveSession (11 bytes)
Event: 795.731 Thread 0x000001f2dddba620 nmethod 9816 0x000001f289b2de10 code [0x000001f289b2dfa0, 0x000001f289b2e088]
Event: 795.731 Thread 0x000001f2dd0075b0 nmethod 9817 0x000001f289b2da90 code [0x000001f289b2dc20, 0x000001f289b2dd38]
Event: 795.731 Thread 0x000001f2dd0075b0 9818       1       io.micrometer.core.instrument.Tags::tagsEqual (66 bytes)
Event: 795.732 Thread 0x000001f2dddba620 9819       1       org.apache.coyote.Request::getBytesRead (5 bytes)
Event: 795.732 Thread 0x000001f2dd0075b0 nmethod 9818 0x000001f289b2d490 code [0x000001f289b2d660, 0x000001f289b2d8e8]
Event: 795.732 Thread 0x000001f2dddba620 nmethod 9819 0x000001f289b2d190 code [0x000001f289b2d320, 0x000001f289b2d3f8]
Event: 795.745 Thread 0x000001f2dddba620 9820       1       org.apache.tomcat.util.net.AbstractEndpoint::getHandler (5 bytes)
Event: 795.746 Thread 0x000001f2dddba620 nmethod 9820 0x000001f289b2ce90 code [0x000001f289b2d020, 0x000001f289b2d0f8]
Event: 849.235 Thread 0x000001f2dd0075b0 9821       1       java.util.concurrent.atomic.AtomicInteger::getAndIncrement (12 bytes)
Event: 849.236 Thread 0x000001f2dd0075b0 nmethod 9821 0x000001f289b2cb90 code [0x000001f289b2cd20, 0x000001f289b2cdf8]
Event: 856.519 Thread 0x000001f2dd0075b0 9822       1       org.apache.catalina.core.StandardContext::getInstanceManager (5 bytes)
Event: 856.520 Thread 0x000001f2dd0075b0 nmethod 9822 0x000001f289b2c890 code [0x000001f289b2ca20, 0x000001f289b2caf8]

GC Heap History (20 events):
Event: 4.894 GC heap after
{Heap after GC invocations=17 (full 0):
 garbage-first heap   total 90112K, used 30505K [0x0000000702800000, 0x0000000800000000)
  region size 2048K, 3 young (6144K), 3 survivors (6144K)
 Metaspace       used 65494K, committed 66112K, reserved 1114112K
  class space    used 9506K, committed 9792K, reserved 1048576K
}
Event: 5.194 GC heap before
{Heap before GC invocations=18 (full 0):
 garbage-first heap   total 90112K, used 69417K [0x0000000702800000, 0x0000000800000000)
  region size 2048K, 22 young (45056K), 3 survivors (6144K)
 Metaspace       used 67489K, committed 68160K, reserved 1114112K
  class space    used 9795K, committed 10112K, reserved 1048576K
}
Event: 5.198 GC heap after
{Heap after GC invocations=19 (full 0):
 garbage-first heap   total 133120K, used 33113K [0x0000000702800000, 0x0000000800000000)
  region size 2048K, 3 young (6144K), 3 survivors (6144K)
 Metaspace       used 67489K, committed 68160K, reserved 1114112K
  class space    used 9795K, committed 10112K, reserved 1048576K
}
Event: 6.094 GC heap before
{Heap before GC invocations=19 (full 0):
 garbage-first heap   total 133120K, used 102745K [0x0000000702800000, 0x0000000800000000)
  region size 2048K, 38 young (77824K), 3 survivors (6144K)
 Metaspace       used 71761K, committed 72448K, reserved 1114112K
  class space    used 10480K, committed 10816K, reserved 1048576K
}
Event: 6.100 GC heap after
{Heap after GC invocations=20 (full 0):
 garbage-first heap   total 133120K, used 36035K [0x0000000702800000, 0x0000000800000000)
  region size 2048K, 3 young (6144K), 3 survivors (6144K)
 Metaspace       used 71761K, committed 72448K, reserved 1114112K
  class space    used 10480K, committed 10816K, reserved 1048576K
}
Event: 252.548 GC heap before
{Heap before GC invocations=20 (full 0):
 garbage-first heap   total 133120K, used 97475K [0x0000000702800000, 0x0000000800000000)
  region size 2048K, 35 young (71680K), 3 survivors (6144K)
 Metaspace       used 79222K, committed 80000K, reserved 1179648K
  class space    used 11544K, committed 11904K, reserved 1048576K
}
Event: 252.585 GC heap after
{Heap after GC invocations=21 (full 1):
 garbage-first heap   total 131072K, used 32449K [0x0000000702800000, 0x0000000800000000)
  region size 2048K, 0 young (0K), 0 survivors (0K)
 Metaspace       used 79215K, committed 80000K, reserved 1179648K
  class space    used 11543K, committed 11904K, reserved 1048576K
}
Event: 253.121 GC heap before
{Heap before GC invocations=21 (full 1):
 garbage-first heap   total 131072K, used 95937K [0x0000000702800000, 0x0000000800000000)
  region size 2048K, 32 young (65536K), 0 survivors (0K)
 Metaspace       used 79270K, committed 80128K, reserved 1179648K
  class space    used 11552K, committed 11968K, reserved 1048576K
}
Event: 253.124 GC heap after
{Heap after GC invocations=22 (full 1):
 garbage-first heap   total 131072K, used 37276K [0x0000000702800000, 0x0000000800000000)
  region size 2048K, 3 young (6144K), 3 survivors (6144K)
 Metaspace       used 79270K, committed 80128K, reserved 1179648K
  class space    used 11552K, committed 11968K, reserved 1048576K
}
Event: 253.611 GC heap before
{Heap before GC invocations=22 (full 1):
 garbage-first heap   total 131072K, used 98716K [0x0000000702800000, 0x0000000800000000)
  region size 2048K, 33 young (67584K), 3 survivors (6144K)
 Metaspace       used 79565K, committed 80384K, reserved 1179648K
  class space    used 11579K, committed 11968K, reserved 1048576K
}
Event: 253.615 GC heap after
{Heap after GC invocations=23 (full 1):
 garbage-first heap   total 131072K, used 40529K [0x0000000702800000, 0x0000000800000000)
  region size 2048K, 4 young (8192K), 4 survivors (8192K)
 Metaspace       used 79565K, committed 80384K, reserved 1179648K
  class space    used 11579K, committed 11968K, reserved 1048576K
}
Event: 255.506 GC heap before
{Heap before GC invocations=23 (full 1):
 garbage-first heap   total 131072K, used 93777K [0x0000000702800000, 0x0000000800000000)
  region size 2048K, 31 young (63488K), 4 survivors (8192K)
 Metaspace       used 79579K, committed 80384K, reserved 1179648K
  class space    used 11582K, committed 11968K, reserved 1048576K
}
Event: 255.540 GC heap after
{Heap after GC invocations=24 (full 2):
 garbage-first heap   total 122880K, used 30605K [0x0000000702800000, 0x0000000800000000)
  region size 2048K, 0 young (0K), 0 survivors (0K)
 Metaspace       used 79129K, committed 80384K, reserved 1179648K
  class space    used 11481K, committed 11968K, reserved 1048576K
}
Event: 255.960 GC heap before
{Heap before GC invocations=24 (full 2):
 garbage-first heap   total 122880K, used 89997K [0x0000000702800000, 0x0000000800000000)
  region size 2048K, 30 young (61440K), 0 survivors (0K)
 Metaspace       used 79189K, committed 80384K, reserved 1179648K
  class space    used 11490K, committed 11968K, reserved 1048576K
}
Event: 255.964 GC heap after
{Heap after GC invocations=25 (full 2):
 garbage-first heap   total 122880K, used 35546K [0x0000000702800000, 0x0000000800000000)
  region size 2048K, 3 young (6144K), 3 survivors (6144K)
 Metaspace       used 79189K, committed 80384K, reserved 1179648K
  class space    used 11490K, committed 11968K, reserved 1048576K
}
Event: 256.260 GC heap before
{Heap before GC invocations=25 (full 2):
 garbage-first heap   total 122880K, used 92890K [0x0000000702800000, 0x0000000800000000)
  region size 2048K, 31 young (63488K), 3 survivors (6144K)
 Metaspace       used 79453K, committed 80384K, reserved 1179648K
  class space    used 11511K, committed 11968K, reserved 1048576K
}
Event: 256.264 GC heap after
{Heap after GC invocations=26 (full 2):
 garbage-first heap   total 122880K, used 38690K [0x0000000702800000, 0x0000000800000000)
  region size 2048K, 2 young (4096K), 2 survivors (4096K)
 Metaspace       used 79453K, committed 80384K, reserved 1179648K
  class space    used 11511K, committed 11968K, reserved 1048576K
}
Event: 256.537 GC heap before
{Heap before GC invocations=26 (full 2):
 garbage-first heap   total 122880K, used 91938K [0x0000000702800000, 0x0000000800000000)
  region size 2048K, 28 young (57344K), 2 survivors (4096K)
 Metaspace       used 79463K, committed 80384K, reserved 1179648K
  class space    used 11512K, committed 11968K, reserved 1048576K
}
Event: 256.540 GC heap after
{Heap after GC invocations=27 (full 2):
 garbage-first heap   total 122880K, used 40331K [0x0000000702800000, 0x0000000800000000)
  region size 2048K, 3 young (6144K), 3 survivors (6144K)
 Metaspace       used 79463K, committed 80384K, reserved 1179648K
  class space    used 11512K, committed 11968K, reserved 1048576K
}
Event: 880.437 GC heap before
{Heap before GC invocations=27 (full 2):
 garbage-first heap   total 122880K, used 91531K [0x0000000702800000, 0x0000000800000000)
  region size 2048K, 28 young (57344K), 3 survivors (6144K)
 Metaspace       used 79473K, committed 80384K, reserved 1179648K
  class space    used 11514K, committed 11968K, reserved 1048576K
}

Deoptimization events (6 events):
Event: 2.663 Thread 0x000001f2ddac6c50 DEOPT PACKING pc=0x000001f2894db439 sp=0x000000bb596fcfc0
Event: 2.663 Thread 0x000001f2ddac6c50 DEOPT UNPACKING pc=0x000001f288c52b43 sp=0x000000bb596fc568 mode 0
Event: 4.705 Thread 0x000001f2ddac6c50 DEOPT PACKING pc=0x000001f2891b47d2 sp=0x000000bb596fae80
Event: 4.705 Thread 0x000001f2ddac6c50 DEOPT UNPACKING pc=0x000001f288c52b43 sp=0x000000bb596fa388 mode 3
Event: 5.783 Thread 0x000001f2ddac6c50 DEOPT PACKING pc=0x000001f28971ce10 sp=0x000000bb596fe0f0
Event: 5.783 Thread 0x000001f2ddac6c50 DEOPT UNPACKING pc=0x000001f288c52b43 sp=0x000000bb596fd5c8 mode 3

Classes unloaded (20 events):
Event: 255.517 Thread 0x000001f297ada230 Unloading class 0x000001f2990c8000 'java/lang/invoke/LambdaForm$MH+0x000001f2990c8000'
Event: 255.517 Thread 0x000001f297ada230 Unloading class 0x000001f2990c0800 'jdk/internal/reflect/GeneratedSerializationConstructorAccessor3'
Event: 255.517 Thread 0x000001f297ada230 Unloading class 0x000001f2990c0400 'jdk/internal/reflect/GeneratedSerializationConstructorAccessor2'
Event: 255.517 Thread 0x000001f297ada230 Unloading class 0x000001f2990c0000 'jdk/internal/reflect/GeneratedSerializationConstructorAccessor1'
Event: 255.517 Thread 0x000001f297ada230 Unloading class 0x000001f299009800 'java/lang/invoke/LambdaForm$DMH+0x000001f299009800'
Event: 255.517 Thread 0x000001f297ada230 Unloading class 0x000001f299008800 'java/lang/invoke/LambdaForm$DMH+0x000001f299008800'
Event: 255.517 Thread 0x000001f297ada230 Unloading class 0x000001f299007c00 'jdk/internal/reflect/GeneratedConstructorAccessor1'
Event: 255.517 Thread 0x000001f297ada230 Unloading class 0x000001f299007400 'java/lang/invoke/LambdaForm$MH+0x000001f299007400'
Event: 255.517 Thread 0x000001f297ada230 Unloading class 0x000001f299007000 'java/lang/invoke/LambdaForm$MH+0x000001f299007000'
Event: 255.517 Thread 0x000001f297ada230 Unloading class 0x000001f299006c00 'java/lang/invoke/LambdaForm$MH+0x000001f299006c00'
Event: 255.517 Thread 0x000001f297ada230 Unloading class 0x000001f299006800 'java/lang/invoke/LambdaForm$MH+0x000001f299006800'
Event: 255.517 Thread 0x000001f297ada230 Unloading class 0x000001f299006400 'java/lang/invoke/LambdaForm$MH+0x000001f299006400'
Event: 255.517 Thread 0x000001f297ada230 Unloading class 0x000001f299006000 'java/lang/invoke/LambdaForm$MH+0x000001f299006000'
Event: 255.517 Thread 0x000001f297ada230 Unloading class 0x000001f299005000 'java/lang/invoke/LambdaForm$MH+0x000001f299005000'
Event: 255.517 Thread 0x000001f297ada230 Unloading class 0x000001f299004c00 'java/lang/invoke/LambdaForm$MH+0x000001f299004c00'
Event: 255.517 Thread 0x000001f297ada230 Unloading class 0x000001f299004400 'java/lang/invoke/LambdaForm$MH+0x000001f299004400'
Event: 255.517 Thread 0x000001f297ada230 Unloading class 0x000001f299003800 'java/lang/invoke/LambdaForm$MH+0x000001f299003800'
Event: 255.517 Thread 0x000001f297ada230 Unloading class 0x000001f299003000 'java/lang/invoke/LambdaForm$MH+0x000001f299003000'
Event: 255.517 Thread 0x000001f297ada230 Unloading class 0x000001f299002800 'java/lang/invoke/LambdaForm$MH+0x000001f299002800'
Event: 255.517 Thread 0x000001f297ada230 Unloading class 0x000001f299002000 'java/lang/invoke/LambdaForm$MH+0x000001f299002000'

Classes redefined (0 events):
No events

Internal exceptions (20 events):
Event: 255.881 Thread 0x000001f2e00c7d40 Exception <a 'java/lang/ArrayIndexOutOfBoundsException'{0x0000000707365260}> (0x0000000707365260) 
thrown [s\open\src\hotspot\share\runtime\sharedRuntime.cpp, line 631]
Event: 255.881 Thread 0x000001f2e00c7d40 Exception <a 'java/lang/ArrayIndexOutOfBoundsException'{0x0000000707365828}> (0x0000000707365828) 
thrown [s\open\src\hotspot\share\runtime\sharedRuntime.cpp, line 631]
Event: 255.881 Thread 0x000001f2e00c7d40 Exception <a 'java/lang/ArrayIndexOutOfBoundsException'{0x000000070736c630}> (0x000000070736c630) 
thrown [s\open\src\hotspot\share\runtime\sharedRuntime.cpp, line 631]
Event: 255.881 Thread 0x000001f2e00c7d40 Exception <a 'java/lang/ArrayIndexOutOfBoundsException'{0x000000070736cea0}> (0x000000070736cea0) 
thrown [s\open\src\hotspot\share\runtime\sharedRuntime.cpp, line 631]
Event: 255.882 Thread 0x000001f2e00c7d40 Exception <a 'java/lang/ArrayIndexOutOfBoundsException'{0x000000070737f5f0}> (0x000000070737f5f0) 
thrown [s\open\src\hotspot\share\runtime\sharedRuntime.cpp, line 631]
Event: 255.882 Thread 0x000001f2e00c7d40 Exception <a 'java/lang/ArrayIndexOutOfBoundsException'{0x000000070737fbb8}> (0x000000070737fbb8) 
thrown [s\open\src\hotspot\share\runtime\sharedRuntime.cpp, line 631]
Event: 255.884 Thread 0x000001f2e00c7d40 Exception <a 'java/lang/ArrayIndexOutOfBoundsException'{0x00000007073f41a8}> (0x00000007073f41a8) 
thrown [s\open\src\hotspot\share\runtime\sharedRuntime.cpp, line 631]
Event: 255.884 Thread 0x000001f2e00c7d40 Exception <a 'java/lang/ArrayIndexOutOfBoundsException'{0x00000007073f4770}> (0x00000007073f4770) 
thrown [s\open\src\hotspot\share\runtime\sharedRuntime.cpp, line 631]
Event: 255.953 Thread 0x000001f2e00c7d40 Exception <a 'sun/nio/fs/WindowsException'{0x00000007065772f8}> (0x00000007065772f8) 
thrown [s\open\src\hotspot\share\prims\jni.cpp, line 516]
Event: 255.953 Thread 0x000001f2e00c7d40 Exception <a 'sun/nio/fs/WindowsException'{0x0000000706577a10}> (0x0000000706577a10) 
thrown [s\open\src\hotspot\share\prims\jni.cpp, line 516]
Event: 255.954 Thread 0x000001f2e00c7d40 Exception <a 'sun/nio/fs/WindowsException'{0x0000000706578108}> (0x0000000706578108) 
thrown [s\open\src\hotspot\share\prims\jni.cpp, line 516]
Event: 255.958 Thread 0x000001f2e00c7d40 Exception <a 'java/io/FileNotFoundException'{0x00000007065b1d38}> (0x00000007065b1d38) 
thrown [s\open\src\hotspot\share\prims\jni.cpp, line 516]
Event: 256.034 Thread 0x000001f2e00c7d40 Exception <a 'java/io/FileNotFoundException'{0x0000000709561168}> (0x0000000709561168) 
thrown [s\open\src\hotspot\share\prims\jni.cpp, line 516]
Event: 256.066 Thread 0x000001f2e00c7d40 Exception <a 'sun/nio/fs/WindowsException'{0x0000000708d74c98}> (0x0000000708d74c98) 
thrown [s\open\src\hotspot\share\prims\jni.cpp, line 516]
Event: 256.183 Thread 0x000001f2e00c7d40 Exception <a 'java/lang/reflect/InvocationTargetException'{0x00000007079b63a8}> (0x00000007079b63a8) 
thrown [s\open\src\hotspot\share\runtime\reflection.cpp, line 1121]
Event: 256.184 Thread 0x000001f2e00c7d40 Exception <a 'java/lang/reflect/InvocationTargetException'{0x00000007079c06a8}> (0x00000007079c06a8) 
thrown [s\open\src\hotspot\share\runtime\reflection.cpp, line 1121]
Event: 256.198 Thread 0x000001f2e00c7d40 Exception <a 'java/lang/reflect/InvocationTargetException'{0x00000007074d5870}> (0x00000007074d5870) 
thrown [s\open\src\hotspot\share\runtime\reflection.cpp, line 1121]
Event: 256.310 Thread 0x000001f2e00c7d40 Exception <a 'sun/nio/fs/WindowsException'{0x000000070966aa28}> (0x000000070966aa28) 
thrown [s\open\src\hotspot\share\prims\jni.cpp, line 516]
Event: 306.140 Thread 0x000001f2ddac6740 Exception <a 'java/lang/NoSuchMethodError'{0x000000070953cf28}: static [B.<clinit>()V> (0x000000070953cf28) 
thrown [s\open\src\hotspot\share\prims\jni.cpp, line 1112]
Event: 788.834 Thread 0x000001f2e00c4590 Exception <a 'sun/nio/fs/WindowsException'{0x000000070986fdf0}> (0x000000070986fdf0) 
thrown [s\open\src\hotspot\share\prims\jni.cpp, line 516]

VM Operations (20 events):
Event: 256.264 Executing VM operation: G1CollectForAllocation done
Event: 256.536 Executing VM operation: G1CollectForAllocation
Event: 256.540 Executing VM operation: G1CollectForAllocation done
Event: 257.553 Executing VM operation: Cleanup
Event: 257.553 Executing VM operation: Cleanup done
Event: 266.625 Executing VM operation: Cleanup
Event: 266.625 Executing VM operation: Cleanup done
Event: 300.371 Executing VM operation: HandshakeAllThreads
Event: 300.371 Executing VM operation: HandshakeAllThreads done
Event: 306.421 Executing VM operation: Cleanup
Event: 306.421 Executing VM operation: Cleanup done
Event: 546.456 Executing VM operation: Cleanup
Event: 546.456 Executing VM operation: Cleanup done
Event: 781.501 Executing VM operation: Cleanup
Event: 781.501 Executing VM operation: Cleanup done
Event: 789.571 Executing VM operation: Cleanup
Event: 789.571 Executing VM operation: Cleanup done
Event: 841.434 Executing VM operation: HandshakeAllThreads
Event: 841.434 Executing VM operation: HandshakeAllThreads done
Event: 880.436 Executing VM operation: G1CollectForAllocation

Events (20 events):
Event: 256.572 Thread 0x000001f2e00c4590 Thread added: 0x000001f2e00c4590
Event: 256.572 Thread 0x000001f2e00c8250 Thread added: 0x000001f2e00c8250
Event: 256.572 Thread 0x000001f2e00c4fb0 Thread added: 0x000001f2e00c4fb0
Event: 256.572 Thread 0x000001f2e00c9180 Thread added: 0x000001f2e00c9180
Event: 256.572 Thread 0x000001f2e00caad0 Thread added: 0x000001f2e00caad0
Event: 256.572 Thread 0x000001f2e00c9690 Thread added: 0x000001f2e00c9690
Event: 256.572 Thread 0x000001f2e00c9ba0 Thread added: 0x000001f2e00c9ba0
Event: 256.573 Thread 0x000001f2e00ca0b0 Thread added: 0x000001f2e00ca0b0
Event: 256.574 Thread 0x000001f2e00ca5c0 Thread added: 0x000001f2e00ca5c0
Event: 256.584 Thread 0x000001f2e00c7d40 Thread exited: 0x000001f2e00c7d40
Event: 256.584 Thread 0x000001f2e00c8c70 Thread exited: 0x000001f2e00c8c70
Event: 261.220 Thread 0x000001f2dddbab70 Thread exited: 0x000001f2dddbab70
Event: 261.452 Thread 0x000001f2e00c7320 Thread exited: 0x000001f2e00c7320
Event: 274.844 Thread 0x000001f2dddba620 Thread exited: 0x000001f2dddba620
Event: 781.374 Thread 0x000001f2dddba620 Thread added: 0x000001f2dddba620
Event: 786.383 Thread 0x000001f2dddba620 Thread exited: 0x000001f2dddba620
Event: 788.864 Thread 0x000001f2dddba620 Thread added: 0x000001f2dddba620
Event: 788.864 Thread 0x000001f2dddbab70 Thread added: 0x000001f2dddbab70
Event: 793.941 Thread 0x000001f2dddbab70 Thread exited: 0x000001f2dddbab70
Event: 800.758 Thread 0x000001f2dddba620 Thread exited: 0x000001f2dddba620


Dynamic libraries:
0x00007ff6bbae0000 - 0x00007ff6bbaf0000 	C:\Program Files\Java\jdk-17\bin\java.exe
0x00007ffca04a0000 - 0x00007ffca0706000 	C:\WINDOWS\SYSTEM32\ntdll.dll
0x00007ffca0040000 - 0x00007ffca0109000 	C:\WINDOWS\System32\KERNEL32.DLL
0x00007ffc9d660000 - 0x00007ffc9da2c000 	C:\WINDOWS\System32\KERNELBASE.dll
0x00007ffc9dda0000 - 0x00007ffc9deeb000 	C:\WINDOWS\System32\ucrtbase.dll
0x00007ffc98720000 - 0x00007ffc98739000 	C:\Program Files\Java\jdk-17\bin\jli.dll
0x00007ffc98740000 - 0x00007ffc9875b000 	C:\Program Files\Java\jdk-17\bin\VCRUNTIME140.dll
0x00007ffc9ef20000 - 0x00007ffc9efd2000 	C:\WINDOWS\System32\ADVAPI32.dll
0x00007ffc9fc50000 - 0x00007ffc9fcf9000 	C:\WINDOWS\System32\msvcrt.dll
0x00007ffc9e3a0000 - 0x00007ffc9e446000 	C:\WINDOWS\System32\sechost.dll
0x00007ffc9fd00000 - 0x00007ffc9fe16000 	C:\WINDOWS\System32\RPCRT4.dll
0x00007ffc9fa00000 - 0x00007ffc9fbca000 	C:\WINDOWS\System32\USER32.dll
0x00007ffc9d630000 - 0x00007ffc9d657000 	C:\WINDOWS\System32\win32u.dll
0x00007ffc83eb0000 - 0x00007ffc8414a000 	C:\WINDOWS\WinSxS\amd64_microsoft.windows.common-controls_6595b64144ccf1df_6.0.26100.3912_none_3e07963ce335137e\COMCTL32.dll
0x00007ffc9fe20000 - 0x00007ffc9fe4b000 	C:\WINDOWS\System32\GDI32.dll
0x00007ffc9def0000 - 0x00007ffc9e022000 	C:\WINDOWS\System32\gdi32full.dll
0x00007ffc9e030000 - 0x00007ffc9e0d3000 	C:\WINDOWS\System32\msvcp_win.dll
0x00007ffc8eda0000 - 0x00007ffc8edab000 	C:\WINDOWS\SYSTEM32\VERSION.dll
0x00007ffc9eed0000 - 0x00007ffc9ef00000 	C:\WINDOWS\System32\IMM32.DLL
0x00007ffc98710000 - 0x00007ffc9871c000 	C:\Program Files\Java\jdk-17\bin\vcruntime140_1.dll
0x00007ffc980e0000 - 0x00007ffc9816e000 	C:\Program Files\Java\jdk-17\bin\msvcp140.dll
0x00007ffc2b320000 - 0x00007ffc2bf00000 	C:\Program Files\Java\jdk-17\bin\server\jvm.dll
0x00007ffc9f9e0000 - 0x00007ffc9f9e8000 	C:\WINDOWS\System32\PSAPI.DLL
0x00007ffc78630000 - 0x00007ffc7863a000 	C:\WINDOWS\SYSTEM32\WSOCK32.dll
0x00007ffc87b10000 - 0x00007ffc87b46000 	C:\WINDOWS\SYSTEM32\WINMM.dll
0x00007ffc9fe50000 - 0x00007ffc9fec4000 	C:\WINDOWS\System32\WS2_32.dll
0x00007ffc9c4f0000 - 0x00007ffc9c50a000 	C:\WINDOWS\SYSTEM32\kernel.appcore.dll
0x00007ffc98700000 - 0x00007ffc9870a000 	C:\Program Files\Java\jdk-17\bin\jimage.dll
0x00007ffc9ad90000 - 0x00007ffc9afd1000 	C:\WINDOWS\SYSTEM32\DBGHELP.DLL
0x00007ffc9f1c0000 - 0x00007ffc9f544000 	C:\WINDOWS\System32\combase.dll
0x00007ffca01c0000 - 0x00007ffca02a0000 	C:\WINDOWS\System32\OLEAUT32.dll
0x00007ffc7f080000 - 0x00007ffc7f0b9000 	C:\WINDOWS\SYSTEM32\dbgcore.DLL
0x00007ffc9daf0000 - 0x00007ffc9db89000 	C:\WINDOWS\System32\bcryptPrimitives.dll
0x00007ffc986f0000 - 0x00007ffc986fe000 	C:\Program Files\Java\jdk-17\bin\instrument.dll
0x00007ffc980b0000 - 0x00007ffc980d5000 	C:\Program Files\Java\jdk-17\bin\java.dll
0x00007ffc94c40000 - 0x00007ffc94d17000 	C:\Program Files\Java\jdk-17\bin\jsvml.dll
0x00007ffc9e450000 - 0x00007ffc9eb7d000 	C:\WINDOWS\System32\SHELL32.dll
0x00007ffc9db90000 - 0x00007ffc9dd04000 	C:\WINDOWS\System32\wintypes.dll
0x00007ffc9b280000 - 0x00007ffc9bad6000 	C:\WINDOWS\SYSTEM32\windows.storage.dll
0x00007ffca0360000 - 0x00007ffca044f000 	C:\WINDOWS\System32\SHCORE.dll
0x00007ffc9ee60000 - 0x00007ffc9eec9000 	C:\WINDOWS\System32\shlwapi.dll
0x00007ffc9d540000 - 0x00007ffc9d56f000 	C:\WINDOWS\SYSTEM32\profapi.dll
0x00007ffc94c20000 - 0x00007ffc94c38000 	C:\Program Files\Java\jdk-17\bin\zip.dll
0x00007ffc98060000 - 0x00007ffc98079000 	C:\Program Files\Java\jdk-17\bin\net.dll
0x00007ffc8f970000 - 0x00007ffc8fa8e000 	C:\WINDOWS\SYSTEM32\WINHTTP.dll
0x00007ffc9ca80000 - 0x00007ffc9caea000 	C:\WINDOWS\system32\mswsock.dll
0x00007ffc96c30000 - 0x00007ffc96c46000 	C:\Program Files\Java\jdk-17\bin\nio.dll
0x00007ffc8ee80000 - 0x00007ffc8ee9a000 	C:\Program Files\JetBrains\IntelliJ IDEA 2024.2.4\bin\breakgen64.dll
0x00007ffc9bf60000 - 0x00007ffc9c087000 	C:\WINDOWS\SYSTEM32\DNSAPI.dll
0x00007ffc9bec0000 - 0x00007ffc9bef3000 	C:\WINDOWS\SYSTEM32\IPHLPAPI.DLL
0x00007ffc9f9f0000 - 0x00007ffc9f9fa000 	C:\WINDOWS\System32\NSI.dll
0x00007ffc8edb0000 - 0x00007ffc8edbb000 	C:\Windows\System32\rasadhlp.dll
0x00007ffc8e450000 - 0x00007ffc8e4d6000 	C:\WINDOWS\System32\fwpuclnt.dll
0x00007ffc986a0000 - 0x00007ffc986aa000 	C:\Program Files\Java\jdk-17\bin\management.dll
0x00007ffc980a0000 - 0x00007ffc980ab000 	C:\Program Files\Java\jdk-17\bin\management_ext.dll
0x00007ffc9cd30000 - 0x00007ffc9cd4c000 	C:\WINDOWS\SYSTEM32\CRYPTSP.dll
0x00007ffc9c450000 - 0x00007ffc9c48a000 	C:\WINDOWS\system32\rsaenh.dll
0x00007ffc9cb20000 - 0x00007ffc9cb4b000 	C:\WINDOWS\SYSTEM32\USERENV.dll
0x00007ffc9d510000 - 0x00007ffc9d536000 	C:\WINDOWS\SYSTEM32\bcrypt.dll
0x00007ffc9cd20000 - 0x00007ffc9cd2c000 	C:\WINDOWS\SYSTEM32\CRYPTBASE.dll
0x00007ffc8f100000 - 0x00007ffc8f11f000 	C:\WINDOWS\SYSTEM32\dhcpcsvc6.DLL
0x00007ffc8f0d0000 - 0x00007ffc8f0f5000 	C:\WINDOWS\SYSTEM32\dhcpcsvc.DLL
0x00007ffc76160000 - 0x00007ffc76178000 	C:\WINDOWS\system32\napinsp.dll
0x00007ffc76070000 - 0x00007ffc76082000 	C:\WINDOWS\System32\winrnr.dll
0x00007ffc76030000 - 0x00007ffc76060000 	C:\WINDOWS\system32\nlansp_c.dll
0x00007ffc8f920000 - 0x00007ffc8f940000 	C:\WINDOWS\system32\wshbth.dll
0x00007ffc80b90000 - 0x00007ffc80bde000 	C:\WINDOWS\SYSTEM32\pdh.dll
0x00007ffc8ee60000 - 0x00007ffc8ee72000 	C:\WINDOWS\System32\perfproc.dll
0x00007ffc98050000 - 0x00007ffc9805e000 	C:\Program Files\Java\jdk-17\bin\sunmscapi.dll
0x00007ffc9e0e0000 - 0x00007ffc9e257000 	C:\WINDOWS\System32\CRYPT32.dll
0x00007ffc9cf30000 - 0x00007ffc9cf60000 	C:\WINDOWS\SYSTEM32\ncrypt.dll
0x00007ffc9cee0000 - 0x00007ffc9cf1f000 	C:\WINDOWS\SYSTEM32\NTASN1.dll
0x00007ffc98020000 - 0x00007ffc98030000 	C:\Program Files\Java\jdk-17\bin\verify.dll
0x00007ffbef860000 - 0x00007ffbef868000 	C:\WINDOWS\system32\wshunix.dll

dbghelp: loaded successfully - version: 4.0.5 - missing functions: none
symbol engine: initialized successfully - sym options: 0x614 - pdb path: .;C:\Program Files\Java\jdk-17\bin;C:\WINDOWS\SYSTEM32;C:\WINDOWS\WinSxS\amd64_microsoft.windows.common-controls_6595b64144ccf1df_6.0.26100.3912_none_3e07963ce335137e;C:\Program Files\Java\jdk-17\bin\server;C:\Program Files\JetBrains\IntelliJ IDEA 2024.2.4\bin

VM Arguments:
jvm_args: -XX:TieredStopAtLevel=1 -Dspring.output.ansi.enabled=always -Dcom.sun.management.jmxremote -Dspring.jmx.enabled=true -Dspring.liveBeansView.mbeanDomain -Dspring.application.admin.enabled=true -Dmanagement.endpoints.jmx.exposure.include=* -javaagent:C:\Program Files\JetBrains\IntelliJ IDEA 2024.2.4\lib\idea_rt.jar=51332:C:\Program Files\JetBrains\IntelliJ IDEA 2024.2.4\bin -Dfile.encoding=UTF-8 
java_command: com.microservice.accounts.AccountsApplication
java_class_path (initial): C:\microservices\section2\accounts\target\classes;C:\Users\Saurabh Srivastav\.m2\repository\org\springframework\boot\spring-boot-starter-actuator\3.4.5\spring-boot-starter-actuator-3.4.5.jar;C:\Users\Saurabh Srivastav\.m2\repository\org\springframework\boot\spring-boot-starter\3.4.5\spring-boot-starter-3.4.5.jar;C:\Users\Saurabh Srivastav\.m2\repository\org\springframework\boot\spring-boot-starter-logging\3.4.5\spring-boot-starter-logging-3.4.5.jar;C:\Users\Saurabh Srivastav\.m2\repository\ch\qos\logback\logback-classic\1.5.18\logback-classic-1.5.18.jar;C:\Users\Saurabh Srivastav\.m2\repository\ch\qos\logback\logback-core\1.5.18\logback-core-1.5.18.jar;C:\Users\Saurabh Srivastav\.m2\repository\org\apache\logging\log4j\log4j-to-slf4j\2.24.3\log4j-to-slf4j-2.24.3.jar;C:\Users\Saurabh Srivastav\.m2\repository\org\apache\logging\log4j\log4j-api\2.24.3\log4j-api-2.24.3.jar;C:\Users\Saurabh Srivastav\.m2\repository\org\slf4j\jul-to-slf4j\2.0.17\jul-to-slf4j-2.0.17.jar;C:\Users\Saurabh Srivastav\.m2\repository\jakarta\annotation\jakarta.annotation-api\2.1.1\jakarta.annotation-api-2.1.1.jar;C:\Users\Saurabh Srivastav\.m2\repository\org\yaml\snakeyaml\2.3\snakeyaml-2.3.jar;C:\Users\Saurabh Srivastav\.m2\repository\org\springframework\boot\spring-boot-actuator-autoconfigure\3.4.5\spring-boot-actuator-autoconfigure-3.4.5.jar;C:\Users\Saurabh Srivastav\.m2\repository\org\springframework\boot\spring-boot-actuator\3.4.5\spring-boot-actuator-3.4.5.jar;C:\Users\Saurabh Srivastav\.m2\repository\com\fasterxml\jackson\core\jackson-databind\2.18.3\jackson-databind-2.18.3.jar;C:\Users\Saurabh Srivastav\.m2\repository\com\fasterxml\jackson\core\jackson-annotations\2.18.3\jackson-annotations-2.18.3.jar;C:\Users\Saurabh Srivastav\.m2\repository\com\fasterxml\jackson\core\jackson-core\2.18.3\jackson-core-2.18.3.jar;C:\Users\Saurabh Srivastav\.m2\repository\com\fasterxml\jackson\datatype\jackson-datatype-jsr310\2.18.3\jackson-datatype-jsr310-2.18.3.jar;C:\Users\S
Launcher Type: SUN_STANDARD

[Global flags]
     intx CICompilerCount                          = 4                                         {product} {ergonomic}
     uint ConcGCThreads                            = 2                                         {product} {ergonomic}
     uint G1ConcRefinementThreads                  = 8                                         {product} {ergonomic}
   size_t G1HeapRegionSize                         = 2097152                                   {product} {ergonomic}
    uintx GCDrainStackTargetSize                   = 64                                        {product} {ergonomic}
   size_t InitialHeapSize                          = 266338304                                 {product} {ergonomic}
     bool ManagementServer                         = true                                      {product} {command line}
   size_t MarkStackSize                            = 4194304                                   {product} {ergonomic}
   size_t MaxHeapSize                              = 4253024256                                {product} {ergonomic}
   size_t MaxNewSize                               = 2550136832                                {product} {ergonomic}
   size_t MinHeapDeltaBytes                        = 2097152                                   {product} {ergonomic}
   size_t MinHeapSize                              = 8388608                                   {product} {ergonomic}
    uintx NonProfiledCodeHeapSize                  = 0                                      {pd product} {ergonomic}
     bool ProfileInterpreter                       = false                                  {pd product} {command line}
    uintx ProfiledCodeHeapSize                     = 0                                      {pd product} {ergonomic}
   size_t SoftMaxHeapSize                          = 4253024256                             {manageable} {ergonomic}
     intx TieredStopAtLevel                        = 1                                         {product} {command line}
     bool UseCompressedClassPointers               = true                           {product lp64_product} {ergonomic}
     bool UseCompressedOops                        = true                           {product lp64_product} {ergonomic}
     bool UseG1GC                                  = true                                      {product} {ergonomic}
     bool UseLargePagesIndividualAllocation        = false                                  {pd product} {ergonomic}

Logging:
Log output configuration:
 #0: stdout all=warning uptime,level,tags
 #1: stderr all=off uptime,level,tags

Environment Variables:
PATH=C:\Python313\Scripts\;C:\Python313\;C:\Program Files\Common Files\Oracle\Java\javapath;C:\Windows\system32;C:\Windows;C:\Windows\System32\Wbem;C:\Windows\System32\WindowsPowerShell\v1.0\;C:\Windows\System32\OpenSSH\;C:\Program Files (x86)\NVIDIA Corporation\PhysX\Common;C:\Program Files\NVIDIA Corporation\NVIDIA NvDLISR;C:\WINDOWS\system32;C:\WINDOWS;C:\WINDOWS\System32\Wbem;C:\WINDOWS\System32\WindowsPowerShell\v1.0\;C:\WINDOWS\System32\OpenSSH\;C:\MinGW\bin;C:\Program Files\Git\cmd;C:\Program Files\Git\mingw64\bin;C:\Program Files\Git\usr\bin;C:\Program Files\dotnet\;C:\ProgramData\chocolatey\bin;C:\Program Files\Java\jdk-17\bin;C:\Program Files\PostgreSQL\17\bin;C:\Program Files\Docker\Docker\resources\bin;C:\maven\apache-maven-3.9.9\bin;C:\Program Files\nodejs\;C:\Program Files\MongoDB\Server\8.0\bin;C:\Stripe;C:\Users\Saurabh Srivastav\AppData\Local\Microsoft\WindowsApps;C:\Users\Saurabh Srivastav\AppData\Local\Programs\Microsoft VS Code\bin;C:\Program Files\JetBrains\IntelliJ IDEA Community Edition 2024.2.3\bin;;C:\Users\Saurabh Srivastav\AppData\Local\Programs\mongosh\;C:\Program Files\JetBrains\IntelliJ IDEA 2024.2.4\bin;;C:\Users\Saurabh Srivastav\AppData\Roaming\npm;C:\Program Files\MongoDB\Server\8.0\bin;
USERNAME=Saurabh Srivastav
OS=Windows_NT
PROCESSOR_IDENTIFIER=Intel64 Family 6 Model 165 Stepping 2, GenuineIntel



---------------  S Y S T E M  ---------------

OS:
 Windows 11 , 64 bit Build 26100 (10.0.26100.3912)
OS uptime: 0 days 0:54 hours
Hyper-V role detected

CPU: total 8 (initial active 8) (4 cores per cpu, 2 threads per core) family 6 model 165 stepping 2 microcode 0xe0, cx8, cmov, fxsr, ht, mmx, 3dnowpref, sse, sse2, sse3, ssse3, sse4.1, sse4.2, popcnt, lzcnt, tsc, tscinvbit, avx, avx2, aes, erms, clmul, bmi1, bmi2, adx, fma, vzeroupper, clflush, clflushopt, hv

Memory: 4k page, system-wide physical 16221M (5539M free)
TotalPageFile size 16221M (AvailPageFile size 138M)
current process WorkingSet (physical memory assigned to process): 305M, peak: 311M
current process commit charge ("private bytes"): 344M, peak: 384M

vm_info: Java HotSpot(TM) 64-Bit Server VM (17.0.12+8-LTS-286) for windows-amd64 JRE (17.0.12+8-LTS-286), built on Jun  5 2024 06:46:59 by "mach5one" with MS VC++ 17.6 (VS2022)

END.
